<?xml version="1.0" encoding="UTF-8"?>
<coverage generated="1587829307">
  <project timestamp="1587829307">
    <package name="Bilalbaraz\LaravelKibana\Client">
      <file name="/Users/bilalbaraz/htdocs/base-laravel/packages/bilalbaraz/laravel-kibana/src/Client/KibanaClient.php">
        <class name="Bilalbaraz\LaravelKibana\Client\KibanaClient" namespace="Bilalbaraz\LaravelKibana\Client" fullPackage="Bilalbaraz" package="Bilalbaraz">
          <metrics complexity="6" methods="4" coveredmethods="4" conditionals="0" coveredconditionals="0" statements="12" coveredstatements="12" elements="16" coveredelements="16"/>
        </class>
        <line num="22" type="method" name="__construct" visibility="public" complexity="1" crap="1" count="1"/>
        <line num="24" type="stmt" count="1"/>
        <line num="25" type="stmt" count="1"/>
        <line num="26" type="stmt" count="1"/>
        <line num="35" type="method" name="makeRequest" visibility="public" complexity="3" crap="3" count="1"/>
        <line num="37" type="stmt" count="1"/>
        <line num="38" type="stmt" count="1"/>
        <line num="40" type="stmt" count="1"/>
        <line num="41" type="stmt" count="1"/>
        <line num="43" type="stmt" count="1"/>
        <line num="45" type="stmt" count="1"/>
        <line num="46" type="stmt" count="1"/>
        <line num="52" type="method" name="getKibanaBaseUrl" visibility="public" complexity="1" crap="1" count="1"/>
        <line num="54" type="stmt" count="1"/>
        <line num="61" type="method" name="toArray" visibility="public" complexity="1" crap="1" count="1"/>
        <line num="63" type="stmt" count="1"/>
        <metrics loc="65" ncloc="42" classes="1" methods="4" coveredmethods="4" conditionals="0" coveredconditionals="0" statements="12" coveredstatements="12" elements="16" coveredelements="16"/>
      </file>
      <file name="/Users/bilalbaraz/htdocs/base-laravel/packages/bilalbaraz/laravel-kibana/src/Client/KibanaFeature.php">
        <class name="Bilalbaraz\LaravelKibana\Client\KibanaFeature" namespace="Bilalbaraz\LaravelKibana\Client" fullPackage="Bilalbaraz" package="Bilalbaraz">
          <metrics complexity="1" methods="1" coveredmethods="1" conditionals="0" coveredconditionals="0" statements="2" coveredstatements="2" elements="3" coveredelements="3"/>
        </class>
        <line num="16" type="method" name="getFeatures" visibility="public" complexity="1" crap="1" count="1"/>
        <line num="18" type="stmt" count="1"/>
        <line num="20" type="stmt" count="1"/>
        <metrics loc="22" ncloc="15" classes="1" methods="1" coveredmethods="1" conditionals="0" coveredconditionals="0" statements="2" coveredstatements="2" elements="3" coveredelements="3"/>
      </file>
      <file name="/Users/bilalbaraz/htdocs/base-laravel/packages/bilalbaraz/laravel-kibana/src/Client/KibanaObject.php">
        <class name="Bilalbaraz\LaravelKibana\Client\KibanaObject" namespace="Bilalbaraz\LaravelKibana\Client" fullPackage="Bilalbaraz" package="Bilalbaraz">
          <metrics complexity="5" methods="4" coveredmethods="4" conditionals="0" coveredconditionals="0" statements="17" coveredstatements="17" elements="21" coveredelements="21"/>
        </class>
        <line num="18" type="method" name="getSavedObject" visibility="public" complexity="1" crap="1" count="1"/>
        <line num="20" type="stmt" count="1"/>
        <line num="21" type="stmt" count="1"/>
        <line num="24" type="stmt" count="1"/>
        <line num="31" type="method" name="getBulkObjects" visibility="public" complexity="1" crap="1" count="1"/>
        <line num="33" type="stmt" count="1"/>
        <line num="34" type="stmt" count="1"/>
        <line num="36" type="stmt" count="1"/>
        <line num="39" type="stmt" count="1"/>
        <line num="46" type="method" name="findObjects" visibility="public" complexity="1" crap="1" count="1"/>
        <line num="48" type="stmt" count="1"/>
        <line num="50" type="stmt" count="1"/>
        <line num="57" type="method" name="exportObjects" visibility="public" complexity="2" crap="2" count="1"/>
        <line num="59" type="stmt" count="1"/>
        <line num="60" type="stmt" count="1"/>
        <line num="62" type="stmt" count="1"/>
        <line num="65" type="stmt" count="1"/>
        <line num="66" type="stmt" count="1"/>
        <line num="68" type="stmt" count="1"/>
        <line num="69" type="stmt" count="1"/>
        <line num="72" type="stmt" count="1"/>
        <metrics loc="74" ncloc="53" classes="1" methods="4" coveredmethods="4" conditionals="0" coveredconditionals="0" statements="17" coveredstatements="17" elements="21" coveredelements="21"/>
      </file>
      <file name="/Users/bilalbaraz/htdocs/base-laravel/packages/bilalbaraz/laravel-kibana/src/Client/KibanaSpace.php">
        <class name="Bilalbaraz\LaravelKibana\Client\KibanaSpace" namespace="Bilalbaraz\LaravelKibana\Client" fullPackage="Bilalbaraz" package="Bilalbaraz">
          <metrics complexity="5" methods="5" coveredmethods="5" conditionals="0" coveredconditionals="0" statements="11" coveredstatements="11" elements="16" coveredelements="16"/>
        </class>
        <line num="16" type="method" name="getSpaces" visibility="public" complexity="1" crap="1" count="1"/>
        <line num="18" type="stmt" count="1"/>
        <line num="20" type="stmt" count="1"/>
        <line num="27" type="method" name="getSpace" visibility="public" complexity="1" crap="1" count="1"/>
        <line num="29" type="stmt" count="1"/>
        <line num="31" type="stmt" count="1"/>
        <line num="38" type="method" name="createSpace" visibility="public" complexity="1" crap="1" count="1"/>
        <line num="40" type="stmt" count="1"/>
        <line num="42" type="stmt" count="1"/>
        <line num="50" type="method" name="updateSpace" visibility="public" complexity="1" crap="1" count="1"/>
        <line num="52" type="stmt" count="1"/>
        <line num="53" type="stmt" count="1"/>
        <line num="56" type="stmt" count="1"/>
        <line num="63" type="method" name="deleteSpace" visibility="public" complexity="1" crap="1" count="1"/>
        <line num="65" type="stmt" count="1"/>
        <line num="67" type="stmt" count="1"/>
        <metrics loc="69" ncloc="45" classes="1" methods="5" coveredmethods="5" conditionals="0" coveredconditionals="0" statements="11" coveredstatements="11" elements="16" coveredelements="16"/>
      </file>
    </package>
    <package name="Bilalbaraz\LaravelKibana\Enums">
      <file name="/Users/bilalbaraz/htdocs/base-laravel/packages/bilalbaraz/laravel-kibana/src/Enums/EndpointEnums.php">
        <class name="Bilalbaraz\LaravelKibana\Enums\EndpointEnums" namespace="Bilalbaraz\LaravelKibana\Enums" fullPackage="Bilalbaraz" package="Bilalbaraz">
          <metrics complexity="0" methods="0" coveredmethods="0" conditionals="0" coveredconditionals="0" statements="0" coveredstatements="0" elements="0" coveredelements="0"/>
        </class>
        <metrics loc="18" ncloc="14" classes="0" methods="0" coveredmethods="0" conditionals="0" coveredconditionals="0" statements="0" coveredstatements="0" elements="0" coveredelements="0"/>
      </file>
      <file name="/Users/bilalbaraz/htdocs/base-laravel/packages/bilalbaraz/laravel-kibana/src/Enums/ObjectEnums.php">
        <class name="Bilalbaraz\LaravelKibana\Enums\ObjectEnums" namespace="Bilalbaraz\LaravelKibana\Enums">
          <metrics complexity="0" methods="0" coveredmethods="0" conditionals="0" coveredconditionals="0" statements="0" coveredstatements="0" elements="0" coveredelements="0"/>
        </class>
        <metrics loc="18" ncloc="15" classes="0" methods="0" coveredmethods="0" conditionals="0" coveredconditionals="0" statements="0" coveredstatements="0" elements="0" coveredelements="0"/>
      </file>
    </package>
    <metrics files="6" loc="266" ncloc="184" classes="4" methods="14" coveredmethods="14" conditionals="0" coveredconditionals="0" statements="42" coveredstatements="42" elements="56" coveredelements="56"/>
  </project>
</coverage>
